ClipServer/app/build/intermediates/manifest_merge_blame_file/debug/manifest-merger-blame-debug-report.txt
1<?xml version="1.0" encoding="utf-8"?>
2<manifest xmlns:android="http://schemas.android.com/apk/res/android"
3    package="course.examples.Services.KeyService"
4    android:versionCode="1"
5    android:versionName="1.0" >
6
7    <uses-sdk
8        android:minSdkVersion="26"
8-->src/main/AndroidManifest.xml
9        android:targetSdkVersion="33" />
9-->src/main/AndroidManifest.xml
10
11    <uses-permission android:name="android.permission.FOREGROUND_SERVICE" />
11-->src/main/AndroidManifest.xml:7:5-76
11-->src/main/AndroidManifest.xml:7:22-74
12    <uses-permission android:name="android.permission.WAKE_LOCK" />
12-->src/main/AndroidManifest.xml:8:5-68
12-->src/main/AndroidManifest.xml:8:22-65
13    <uses-permission android:name="android.permission.POST_NOTIFICATIONS" />
13-->src/main/AndroidManifest.xml:9:5-77
13-->src/main/AndroidManifest.xml:9:22-74
14
15    <permission
15-->src/main/AndroidManifest.xml:11:5-15:18
16        android:name="course.examples.Services.KeyService.GEN_ID"
16-->src/main/AndroidManifest.xml:12:9-66
17        android:label="Allow requesting unique key"
17-->src/main/AndroidManifest.xml:14:9-52
18        android:protectionLevel="dangerous" >
18-->src/main/AndroidManifest.xml:13:9-44
19    </permission>
20
21    <application
21-->src/main/AndroidManifest.xml:17:5-40:19
22        android:appComponentFactory="android.support.v4.app.CoreComponentFactory"
22-->[com.android.support:support-compat:28.0.0] AndroidManifest.xml:22:18-91
23        android:debuggable="true"
24        android:extractNativeLibs="false"
25        android:icon="@drawable/ic_launcher"
25-->src/main/AndroidManifest.xml:18:9-45
26        android:testOnly="true"
27        android:theme="@style/Theme.AppCompat.Light" >
27-->src/main/AndroidManifest.xml:19:9-53
28        <activity
28-->src/main/AndroidManifest.xml:21:9-29:20
29            android:name="course.examples.Services.KeyService.MusicServiceActivity"
29-->src/main/AndroidManifest.xml:22:13-49
30            android:exported="true"
30-->src/main/AndroidManifest.xml:24:13-36
31            android:label="KeyGeneratorServiceApp" >
31-->src/main/AndroidManifest.xml:23:13-51
32            <intent-filter>
32-->src/main/AndroidManifest.xml:25:13-28:29
33                <action android:name="android.intent.action.MAIN" />
33-->src/main/AndroidManifest.xml:26:17-69
33-->src/main/AndroidManifest.xml:26:25-66
34
35                <category android:name="android.intent.category.LAUNCHER" />
35-->src/main/AndroidManifest.xml:27:17-77
35-->src/main/AndroidManifest.xml:27:27-74
36            </intent-filter>
37        </activity>
38
39        <service
39-->src/main/AndroidManifest.xml:31:9-39:19
40            android:name="course.examples.Services.KeyService.MusicService"
40-->src/main/AndroidManifest.xml:32:13-41
41            android:exported="true"
41-->src/main/AndroidManifest.xml:33:13-36
42            android:label="@string/app_name"
42-->src/main/AndroidManifest.xml:35:13-45
43            android:permission="android.permission.POST_NOTIFICATIONS" >
43-->src/main/AndroidManifest.xml:34:13-71
44            <intent-filter>
44-->src/main/AndroidManifest.xml:36:13-38:29
45                <action android:name="course.examples.Services.KeyCommon.MusicPlayer" />
45-->src/main/AndroidManifest.xml:37:17-89
45-->src/main/AndroidManifest.xml:37:25-86
46            </intent-filter>
47        </service>
48\
49    </application>
50
51</manifest>